0 info it worked if it ends with ok
1 verbose cli [ 'C:\\Program Files\\nodejs\\node.exe',
1 verbose cli   'C:\\Program Files\\nodejs\\node_modules\\npm\\bin\\npm-cli.js',
1 verbose cli   'install',
1 verbose cli   'twitter' ]
2 info using npm@2.15.5
3 info using node@v4.4.5
4 verbose install initial load of C:\Users\rober_000\Desktop\bootcamp\week10\homework\liri-node-app\.gitignore\package.json
5 verbose readDependencies loading dependencies from C:\Users\rober_000\Desktop\bootcamp\week10\homework\liri-node-app\.gitignore\package.json
6 silly cache add args [ 'twitter', null ]
7 verbose cache add spec twitter
8 silly cache add parsed spec Result {
8 silly cache add   raw: 'twitter',
8 silly cache add   scope: null,
8 silly cache add   name: 'twitter',
8 silly cache add   rawSpec: '',
8 silly cache add   spec: 'latest',
8 silly cache add   type: 'tag' }
9 silly addNamed twitter@latest
10 verbose addNamed "latest" is being treated as a dist-tag for twitter
11 info addNameTag [ 'twitter', 'latest' ]
12 silly mapToRegistry name twitter
13 silly mapToRegistry using default registry
14 silly mapToRegistry registry https://registry.npmjs.org/
15 silly mapToRegistry data Result {
15 silly mapToRegistry   raw: 'twitter',
15 silly mapToRegistry   scope: null,
15 silly mapToRegistry   name: 'twitter',
15 silly mapToRegistry   rawSpec: '',
15 silly mapToRegistry   spec: 'latest',
15 silly mapToRegistry   type: 'tag' }
16 silly mapToRegistry uri https://registry.npmjs.org/twitter
17 verbose addNameTag registry:https://registry.npmjs.org/twitter not in flight; fetching
18 verbose request uri https://registry.npmjs.org/twitter
19 verbose request no auth needed
20 info attempt registry request try #1 at 11:05:05 PM
21 verbose request id c9ae7061bfd9c5ae
22 verbose etag "3Z7YRI6A5V3806PRQD0HOKHU"
23 http request GET https://registry.npmjs.org/twitter
24 http 304 https://registry.npmjs.org/twitter
25 verbose headers { date: 'Sat, 04 Jun 2016 03:05:08 GMT',
25 verbose headers   via: '1.1 varnish',
25 verbose headers   'cache-control': 'max-age=300',
25 verbose headers   etag: '"3Z7YRI6A5V3806PRQD0HOKHU"',
25 verbose headers   age: '0',
25 verbose headers   connection: 'keep-alive',
25 verbose headers   'x-served-by': 'cache-sjc3127-SJC',
25 verbose headers   'x-cache': 'HIT',
25 verbose headers   'x-cache-hits': '1',
25 verbose headers   'x-timer': 'S1465009508.311989,VS0,VE87',
25 verbose headers   vary: 'Accept-Encoding' }
26 silly get cb [ 304,
26 silly get   { date: 'Sat, 04 Jun 2016 03:05:08 GMT',
26 silly get     via: '1.1 varnish',
26 silly get     'cache-control': 'max-age=300',
26 silly get     etag: '"3Z7YRI6A5V3806PRQD0HOKHU"',
26 silly get     age: '0',
26 silly get     connection: 'keep-alive',
26 silly get     'x-served-by': 'cache-sjc3127-SJC',
26 silly get     'x-cache': 'HIT',
26 silly get     'x-cache-hits': '1',
26 silly get     'x-timer': 'S1465009508.311989,VS0,VE87',
26 silly get     vary: 'Accept-Encoding' } ]
27 verbose etag https://registry.npmjs.org/twitter from cache
28 verbose get saving twitter to C:\Users\rober_000\AppData\Roaming\npm-cache\registry.npmjs.org\twitter\.cache.json
29 verbose correctMkdir C:\Users\rober_000\AppData\Roaming\npm-cache correctMkdir not in flight; initializing
30 silly addNameTag next cb for twitter with tag latest
31 silly addNamed twitter@1.3.0
32 verbose addNamed "1.3.0" is a plain semver version for twitter
33 silly cache afterAdd twitter@1.3.0
34 verbose afterAdd C:\Users\rober_000\AppData\Roaming\npm-cache\twitter\1.3.0\package\package.json not in flight; writing
35 verbose correctMkdir C:\Users\rober_000\AppData\Roaming\npm-cache correctMkdir not in flight; initializing
36 verbose afterAdd C:\Users\rober_000\AppData\Roaming\npm-cache\twitter\1.3.0\package\package.json written
37 silly install resolved [ { name: 'twitter',
37 silly install resolved     version: '1.3.0',
37 silly install resolved     description: 'Twitter API client library for node.js',
37 silly install resolved     license: 'MIT',
37 silly install resolved     keywords: [ 'twitter', 'streaming', 'oauth' ],
37 silly install resolved     homepage: 'https://github.com/desmondmorris/node-twitter',
37 silly install resolved     author: { name: 'Desmond Morris', email: 'hi@desmondmorris.com' },
37 silly install resolved     repository:
37 silly install resolved      { type: 'git',
37 silly install resolved        url: 'git+https://github.com/desmondmorris/node-twitter.git' },
37 silly install resolved     scripts:
37 silly install resolved      { test: 'npm run lint && mocha',
37 silly install resolved        lint: 'eslint test/*.js lib/*.js' },
37 silly install resolved     dependencies: { 'deep-extend': '^0.3.2', request: '^2.51.0' },
37 silly install resolved     devDependencies:
37 silly install resolved      { eslint: '^2.10.0',
37 silly install resolved        jshint: '^2.6.0',
37 silly install resolved        mocha: '^2.1.0',
37 silly install resolved        nock: '^0.57.0' },
37 silly install resolved     main: './lib/twitter',
37 silly install resolved     gitHead: 'a3c21cd6d7862869a8a4c6986f8b74a18627b813',
37 silly install resolved     bugs: { url: 'https://github.com/desmondmorris/node-twitter/issues' },
37 silly install resolved     _id: 'twitter@1.3.0',
37 silly install resolved     _shasum: '2180f0a4a01d1cb2aa9dc8a9e0bc1122458b8507',
37 silly install resolved     _from: 'twitter@latest',
37 silly install resolved     _npmVersion: '3.8.6',
37 silly install resolved     _nodeVersion: '6.0.0',
37 silly install resolved     _npmUser: { name: 'desmondmorris', email: 'hi@desmondmorris.com' },
37 silly install resolved     dist:
37 silly install resolved      { shasum: '2180f0a4a01d1cb2aa9dc8a9e0bc1122458b8507',
37 silly install resolved        tarball: 'https://registry.npmjs.org/twitter/-/twitter-1.3.0.tgz' },
37 silly install resolved     maintainers: [ [Object] ],
37 silly install resolved     _npmOperationalInternal:
37 silly install resolved      { host: 'packages-16-east.internal.npmjs.com',
37 silly install resolved        tmp: 'tmp/twitter-1.3.0.tgz_1463242369842_0.6260306679178029' },
37 silly install resolved     directories: {},
37 silly install resolved     _resolved: 'https://registry.npmjs.org/twitter/-/twitter-1.3.0.tgz',
37 silly install resolved     readme: 'ERROR: No README data found!' } ]
38 info install twitter@1.3.0 into C:\Users\rober_000\Desktop\bootcamp\week10\homework\liri-node-app\.gitignore
39 info installOne twitter@1.3.0
40 verbose installOne of twitter to C:\Users\rober_000\Desktop\bootcamp\week10\homework\liri-node-app\.gitignore not in flight; installing
41 verbose correctMkdir C:\Users\rober_000\AppData\Roaming\npm-cache\_locks correctMkdir not in flight; initializing
42 verbose lock using C:\Users\rober_000\AppData\Roaming\npm-cache\_locks\twitter-5ead2b7c7c83d195.lock for C:\Users\rober_000\Desktop\bootcamp\week10\homework\liri-node-app\.gitignore\node_modules\twitter
43 silly install write writing twitter 1.3.0 to C:\Users\rober_000\Desktop\bootcamp\week10\homework\liri-node-app\.gitignore\node_modules\twitter
44 verbose unbuild node_modules\twitter
45 silly gentlyRm C:\Users\rober_000\Desktop\bootcamp\week10\homework\liri-node-app\.gitignore\node_modules\twitter is being purged from base C:\Users\rober_000\Desktop\bootcamp\week10\homework\liri-node-app\.gitignore
46 verbose gentlyRm don't care about contents; nuking C:\Users\rober_000\Desktop\bootcamp\week10\homework\liri-node-app\.gitignore\node_modules\twitter
47 verbose tar unpack C:\Users\rober_000\AppData\Roaming\npm-cache\twitter\1.3.0\package.tgz
48 verbose tar unpacking to C:\Users\rober_000\Desktop\bootcamp\week10\homework\liri-node-app\.gitignore\node_modules\twitter
49 silly gentlyRm C:\Users\rober_000\Desktop\bootcamp\week10\homework\liri-node-app\.gitignore\node_modules\twitter is being purged
50 verbose gentlyRm don't care about contents; nuking C:\Users\rober_000\Desktop\bootcamp\week10\homework\liri-node-app\.gitignore\node_modules\twitter
51 silly gunzTarPerm modes [ '777', '666' ]
52 error tar.unpack untar error C:\Users\rober_000\AppData\Roaming\npm-cache\twitter\1.3.0\package.tgz
53 verbose unlock done using C:\Users\rober_000\AppData\Roaming\npm-cache\_locks\twitter-5ead2b7c7c83d195.lock for C:\Users\rober_000\Desktop\bootcamp\week10\homework\liri-node-app\.gitignore\node_modules\twitter
54 verbose fstream_path C:\Users\rober_000\Desktop\bootcamp\week10\homework\liri-node-app\.gitignore\node_modules\twitter
55 verbose fstream_type Directory
56 verbose fstream_class DirWriter
57 verbose stack Error: EEXIST: file already exists, mkdir 'C:\Users\rober_000\Desktop\bootcamp\week10\homework\liri-node-app\.gitignore\node_modules'
57 verbose stack     at Error (native)
58 verbose fstream_stack C:\Program Files\nodejs\node_modules\npm\node_modules\fstream\lib\writer.js:171:25
58 verbose fstream_stack C:\Program Files\nodejs\node_modules\npm\node_modules\mkdirp\index.js:47:53
58 verbose fstream_stack FSReqWrap.oncomplete (fs.js:82:15)
59 verbose cwd C:\Users\rober_000\Desktop\bootcamp\week10\homework\liri-node-app\.gitignore
60 error Windows_NT 10.0.10586
61 error argv "C:\\Program Files\\nodejs\\node.exe" "C:\\Program Files\\nodejs\\node_modules\\npm\\bin\\npm-cli.js" "install" "twitter"
62 error node v4.4.5
63 error npm  v2.15.5
64 error path C:\Users\rober_000\Desktop\bootcamp\week10\homework\liri-node-app\.gitignore\node_modules
65 error code EEXIST
66 error errno -4075
67 error syscall mkdir
68 error EEXIST: file already exists, mkdir 'C:\Users\rober_000\Desktop\bootcamp\week10\homework\liri-node-app\.gitignore\node_modules'
File exists: C:\Users\rober_000\Desktop\bootcamp\week10\homework\liri-node-app\.gitignore\node_modules
Move it away, and try again.
69 verbose exit [ -4075, true ]
70 verbose unbuild node_modules\twitter
71 silly gentlyRm C:\Users\rober_000\Desktop\bootcamp\week10\homework\liri-node-app\.gitignore\node_modules\twitter is being purged from base C:\Users\rober_000\Desktop\bootcamp\week10\homework\liri-node-app\.gitignore
72 verbose gentlyRm don't care about contents; nuking C:\Users\rober_000\Desktop\bootcamp\week10\homework\liri-node-app\.gitignore\node_modules\twitter
